<?xml version="1.0" encoding="UTF-8"?>
<!-- Generated by org.testng.reporters.JUnitXMLReporter -->
<testsuite ignored="0" hostname="DESKTOP-JNDOI91" failures="0" tests="3" name="Test3" time="0.032" errors="0" timestamp="2024-09-26T00:11:44 IST">
  <testcase classname="Parllel.Testcase3" name="testMethod10" time="0.007"/>
  <testcase classname="Parllel.Testcase3" name="testMethod9" time="0.004"/>
  <testcase classname="Parllel.Testcase3" name="testMethod11" time="0.011"/>
</testsuite> <!-- Test3 -->
