<?xml version="1.0" encoding="UTF-8"?>
<!-- Generated by org.testng.reporters.JUnitXMLReporter -->
<testsuite ignored="0" hostname="DESKTOP-JNDOI91" failures="0" tests="5" name="Test1" time="0.082" errors="0" timestamp="2024-09-26T00:11:44 IST">
  <testcase classname="Parllel.Testcase1" name="testMethod1" time="0.014"/>
  <testcase classname="Parllel.Testcase1" name="testMethod2" time="0.014"/>
  <testcase classname="Parllel.Testcase1" name="testMethod3" time="0.003"/>
  <testcase classname="Parllel.Testcase1" name="testMethod4" time="0.003"/>
  <testcase classname="Parllel.Testcase1" name="testMethod5" time="0.002"/>
</testsuite> <!-- Test1 -->
