<?xml version="1.0" encoding="UTF-8"?>
<!-- Generated by org.testng.reporters.JUnitXMLReporter -->
<testsuite ignored="0" hostname="DESKTOP-JNDOI91" failures="0" tests="3" name="Test2" time="0.035" errors="0" timestamp="2024-09-26T00:11:44 IST">
  <testcase classname="Parllel.Testcase2" name="testMethod7" time="0.003"/>
  <testcase classname="Parllel.Testcase2" name="testMethod8" time="0.003"/>
  <testcase classname="Parllel.Testcase2" name="testMethod6" time="0.008"/>
</testsuite> <!-- Test2 -->
