<?xml version="1.0" encoding="UTF-8"?>
<!-- Generated by org.testng.reporters.JUnitXMLReporter -->
<testsuite ignored="1" hostname="DESKTOP-JNDOI91" failures="0" tests="2" name="Test" time="22.961" errors="0" timestamp="2024-09-26T00:09:39 IST">
  <testcase classname="Tests.NewTest" name="LaunchUrl" time="4.109"/>
  <testcase classname="Tests.NewTest" name="Login" time="16.648"/>
  <testcase classname="Tests.NewTest" name="verifyLogin" time="0.0">
    <ignored/>
  </testcase> <!-- verifyLogin -->
</testsuite> <!-- Test -->
